<?xml version="1.0" encoding="UTF-8"?>
<!-- Generated by org.testng.reporters.JUnitReportReporter -->
<testsuite hostname="DESKTOP-3K41F05" failures="0" tests="2" name="org.hardikb.tests.ErrorValidationsTest" time="20.510" errors="0" timestamp="2023-04-05T17:38:43 IST" skipped="0">
  <testcase classname="org.hardikb.tests.ErrorValidationsTest" name="verifyLoginError" time="4.984"/>
  <system-out/>
  <testcase classname="org.hardikb.tests.ErrorValidationsTest" name="productErrorValidations" time="15.526"/>
  <system-out/>
</testsuite> <!-- org.hardikb.tests.ErrorValidationsTest -->
