<?xml version="1.0" encoding="UTF-8"?>
<!-- Generated by org.testng.reporters.JUnitReportReporter -->
<testsuite hostname="DESKTOP-3K41F05" failures="0" tests="3" name="org.hardikb.tests.SubmitOrderTest" time="31.130" errors="0" timestamp="2023-04-05T17:38:43 IST" skipped="0">
  <testcase classname="org.hardikb.tests.SubmitOrderTest" name="submitOrder" time="8.589"/>
  <system-out/>
  <testcase classname="org.hardikb.tests.SubmitOrderTest" name="orderHistoryTest" time="4.498"/>
  <system-out/>
  <testcase classname="org.hardikb.tests.SubmitOrderTest" name="submitOrder" time="18.043"/>
  <system-out/>
</testsuite> <!-- org.hardikb.tests.SubmitOrderTest -->
